<?xml version="1.0" encoding="UTF-8"?>
<!-- Generated by org.testng.reporters.JUnitXMLReporter -->
<testsuite ignored="0" hostname="tester-VirtualBox" failures="0" tests="1" name="TC1:Sprawdź ważność biletu. Bilet nieważny. Sprawdzenie ważności biletu podając id biletu nieistniejącego" time="21.171" errors="0" timestamp="2022-05-16T15:35:11 CEST">
  <testcase classname="eBilet.TicketValidityTest" name="checkTicketValidity" time="13.157"/>
</testsuite> <!-- TC1:Sprawdź ważność biletu. Bilet nieważny. Sprawdzenie ważności biletu podając id biletu nieistniejącego -->
