<?xml version="1.0" encoding="UTF-8"?>
<!-- Generated by org.testng.reporters.JUnitXMLReporter -->
<testsuite ignored="0" hostname="tester-VirtualBox" failures="0" tests="1" name="TC2:Dokonaj zwrotu. Nieudany zwrot. Sprawdzenie możliwości zwrotu biletu podając id biletu nieistniejącego" time="20.732" errors="0" timestamp="2022-05-16T15:35:31 CEST">
  <testcase classname="eBilet.MakeReturnTest" name="makeReturnInvalidTest" time="15.732"/>
</testsuite> <!-- TC2:Dokonaj zwrotu. Nieudany zwrot. Sprawdzenie możliwości zwrotu biletu podając id biletu nieistniejącego -->
