<?xml version="1.0" encoding="UTF-8"?>
<!-- Generated by org.testng.reporters.JUnitXMLReporter -->
<testsuite ignored="0" hostname="tester-VirtualBox" failures="0" tests="1" name="TC3:Kup e-bilet autostradowy. Nieudany zakup. Sprawdzenie możlwiości zakupu biletu na darmowej trasie" time="24.408" errors="0" timestamp="2022-05-16T15:35:56 CEST">
  <testcase classname="eBilet.BuyTicketForFreeRouteTest" name="buyTicketForFreeRoute" time="19.684"/>
</testsuite> <!-- TC3:Kup e-bilet autostradowy. Nieudany zakup. Sprawdzenie możlwiości zakupu biletu na darmowej trasie -->
