<?xml version="1.0" encoding="UTF-8"?>
<!-- Generated by org.testng.reporters.JUnitXMLReporter -->
<testsuite ignored="0" hostname="tester-VirtualBox" failures="0" tests="1" name="TC4:Kup e-bilet autostradowy. Nieudany zakup. Sprawdzenie możlwiości zakupu biletu dla tych samych węzłów" time="23.978" errors="0" timestamp="2022-05-16T15:36:20 CEST">
  <testcase classname="eBilet.BuyTicketForSameNodesTest" name="buyTicketForSameNodes" time="19.529"/>
</testsuite> <!-- TC4:Kup e-bilet autostradowy. Nieudany zakup. Sprawdzenie możlwiości zakupu biletu dla tych samych węzłów -->
