<?xml version="1.0" encoding="UTF-8"?>
<!-- Generated by org.testng.reporters.JUnitXMLReporter -->
<testsuite ignored="0" hostname="tester-VirtualBox" failures="0" tests="1" name="TC5:Kup e-bilet autostradowy. Nieudany zakup. Sprawdzenie możlwiości zakupu biletu bez wybrania węzłów" time="22.299" errors="0" timestamp="2022-05-16T15:36:42 CEST">
  <testcase classname="eBilet.BuyTicketForEmptyNodesTest" name="buyTicketNoNodesSelected" time="17.595"/>
</testsuite> <!-- TC5:Kup e-bilet autostradowy. Nieudany zakup. Sprawdzenie możlwiości zakupu biletu bez wybrania węzłów -->
